<?xml version="1.0" encoding="UTF-8"?>
<!-- Generated by org.testng.reporters.JUnitReportReporter -->
<testsuite hostname="LAPTOP-1N3TH4EI" failures="0" tests="6" name="seleniumPractice.Parallel_Execution_Method" time="18.258" errors="0" timestamp="2023-12-25T21:06:08 IST" skipped="0">
  <testcase classname="seleniumPractice.Parallel_Execution_Method" name="login" time="9.614"/>
  <system-out/>
  <testcase classname="seleniumPractice.Parallel_Execution_Method" name="login" time="8.641"/>
  <system-out/>
  <testcase classname="seleniumPractice.Parallel_Execution_Method" name="Operation" time="0.001"/>
  <system-out/>
  <testcase classname="seleniumPractice.Parallel_Execution_Method" name="Operation" time="0.001"/>
  <system-out/>
  <testcase classname="seleniumPractice.Parallel_Execution_Method" name="logout" time="0.000"/>
  <system-out/>
  <testcase classname="seleniumPractice.Parallel_Execution_Method" name="logout" time="0.001"/>
  <system-out/>
</testsuite> <!-- seleniumPractice.Parallel_Execution_Method -->
