<?xml version="1.0" encoding="UTF-8"?>
<!-- Generated by org.testng.reporters.JUnitReportReporter -->
<testsuite hostname="LAPTOP-1N3TH4EI" failures="0" tests="1" name="seleniumPractice.Response_code" time="7.271" errors="0" timestamp="2023-12-25T21:06:08 IST" skipped="0">
  <testcase classname="seleniumPractice.Response_code" name="response_test" time="7.271"/>
  <system-out/>
</testsuite> <!-- seleniumPractice.Response_code -->
